Using pre-set license
Built from '2020.2/staging' branch; Version is '2020.2.0b10 (19f63eee530c) revision 1701438'; Using compiler version '192528614'; Build Type 'Release'
OS: 'Windows 10  (10.0.0) 64bit' Language: 'fr' Physical Memory: 8159 MB
BatchMode: 1, IsHumanControllingUs: 0, StartBugReporterOnCrash: 0, Is64bit: 1, IsPro: 0

 COMMAND LINE ARGUMENTS:
D:\master\Platformer\Platformer\2020.2.0b10\Editor\Unity.exe
-adb2
-batchMode
-noUpm
-name
AssetImportWorker0
-projectPath
D:/master2/Walking-Simulator/Walking-Simulator/Walking Sim URP
-logFile
Logs/AssetImportWorker0.log
-srvPort
50903
Successfully changed project path to: D:/master2/Walking-Simulator/Walking-Simulator/Walking Sim URP
D:/master2/Walking-Simulator/Walking-Simulator/Walking Sim URP
Using Asset Import Pipeline V2.
Refreshing native plugins compatible for Editor in 101.91 ms, found 0 plugins.
Preloading 0 native plugins for Editor in 0.00 ms.
Initialize engine version: 2020.2.0b10 (19f63eee530c)
[Subsystems] Discovering subsystems at path D:/master/Platformer/Platformer/2020.2.0b10/Editor/Data/Resources/UnitySubsystems
[Subsystems] Discovering subsystems at path D:/master2/Walking-Simulator/Walking-Simulator/Walking Sim URP/Assets
GfxDevice: creating device client; threaded=0
Direct3D:
    Version:  Direct3D 11.0 [level 11.1]
    Renderer: NVIDIA GeForce GTX 1060 6GB (ID=0x1c03)
    Vendor:   
    VRAM:     6052 MB
    Driver:   27.21.14.5709
Shader 'Universal Render Pipeline/Particles/Lit': fallback shader 'Universal Render Pipeline/Particles/SimpleLit' not found
Initialize mono
Mono path[0] = 'D:/master/Platformer/Platformer/2020.2.0b10/Editor/Data/Managed'
Mono path[1] = 'D:/master/Platformer/Platformer/2020.2.0b10/Editor/Data/MonoBleedingEdge/lib/mono/unityjit'
Mono config path = 'D:/master/Platformer/Platformer/2020.2.0b10/Editor/Data/MonoBleedingEdge/etc'
Using monoOptions --debugger-agent=transport=dt_socket,embedding=1,server=y,suspend=n,address=127.0.0.1:56196
Begin MonoManager ReloadAssembly
Registering precompiled unity dll's ...
Register platform support module: D:/master/Platformer/Platformer/2020.2.0b10/Editor/Data/PlaybackEngines/WebGLSupport/UnityEditor.WebGL.Extensions.dll
Register platform support module: D:/master/Platformer/Platformer/2020.2.0b10/Editor/Data/PlaybackEngines/WindowsStandaloneSupport/UnityEditor.WindowsStandalone.Extensions.dll
Registered in 0.007464 seconds.
Native extension for WindowsStandalone target not found
Native extension for WebGL target not found
Refreshing native plugins compatible for Editor in 71.08 ms, found 0 plugins.
Preloading 0 native plugins for Editor in 0.00 ms.
Invoked RoslynAnalysisRunner static constructor.
RoslynAnalysisRunner will not be running.
RoslynAnalysisRunner has terminated.
Mono: successfully reloaded assembly
- Completed reload, in  2.476 seconds
Platform modules already initialized, skipping
Registering precompiled user dll's ...
Registered in 0.003367 seconds.
Begin MonoManager ReloadAssembly
Symbol file LoadedFromMemory doesn't match image D:\master2\Walking-Simulator\Walking-Simulator\Walking Sim URP\Library\PackageCache\com.unity.ext.nunit@1.0.0\net35\unity-custom\nunit.framework.dll
Native extension for WindowsStandalone target not found
Native extension for WebGL target not found
Refreshing native plugins compatible for Editor in 76.62 ms, found 0 plugins.
Preloading 0 native plugins for Editor in 0.00 ms.
Invoked RoslynAnalysisRunner static constructor.
RoslynAnalysisRunner will not be running.
RoslynAnalysisRunner has terminated.
Mono: successfully reloaded assembly
- Completed reload, in  1.548 seconds
Platform modules already initialized, skipping
========================================================================
Worker process is ready to serve import requests
Shader 'Universal Render Pipeline/Particles/Lit': fallback shader 'Universal Render Pipeline/Particles/SimpleLit' not found
Launched and connected shader compiler UnityShaderCompiler.exe after 0.09 seconds
Refreshing native plugins compatible for Editor in 0.58 ms, found 0 plugins.
Preloading 0 native plugins for Editor in 0.00 ms.
Unloading 2393 Unused Serialized files (Serialized files now loaded: 0)
System memory in use before: 117.4 MB.
System memory in use after: 117.3 MB.

Unloading 19 unused Assets to reduce memory usage. Loaded Objects now: 2841.
Total: 3.013300 ms (FindLiveObjects: 0.424600 ms CreateObjectMapping: 0.102900 ms MarkObjects: 2.279200 ms  DeleteObjects: 0.205000 ms)

========================================================================
Received Import Request.
  path: Assets/Old_USSR_Lamp
  artifactKey: Guid(c8adb4b3e762f5c4c8ff36e3f4afad9c) Importer(815301076,1909f56bfc062723c751e8b465ee728b)
Start importing Assets/Old_USSR_Lamp using Guid(c8adb4b3e762f5c4c8ff36e3f4afad9c) Importer(815301076,1909f56bfc062723c751e8b465ee728b)  -> (artifact id: '6721d2971f0ef4ce818110d1d16f3523') in 0.109368 seconds
  Import took 0.114931 seconds .

========================================================================
Received Import Request.
  Time since last request: 0.000300 seconds.
  path: Assets/RPG_FPS_game_assets_industrial
  artifactKey: Guid(4d80e4c59023b27409a2d9ae9ed50c93) Importer(815301076,1909f56bfc062723c751e8b465ee728b)
Start importing Assets/RPG_FPS_game_assets_industrial using Guid(4d80e4c59023b27409a2d9ae9ed50c93) Importer(815301076,1909f56bfc062723c751e8b465ee728b)  -> (artifact id: 'd9e126806f153619eb5b8e874023f38e') in 0.010683 seconds
  Import took 0.016028 seconds .

========================================================================
Received Import Request.
  Time since last request: 0.000083 seconds.
  path: Assets/Standard Assets
  artifactKey: Guid(472ca44fbd8a450409ebd5f33cb65952) Importer(815301076,1909f56bfc062723c751e8b465ee728b)
Start importing Assets/Standard Assets using Guid(472ca44fbd8a450409ebd5f33cb65952) Importer(815301076,1909f56bfc062723c751e8b465ee728b)  -> (artifact id: '37189731ba1761650c8b913b4d951f60') in 0.010779 seconds
  Import took 0.016252 seconds .

========================================================================
Received Import Request.
  Time since last request: 0.000550 seconds.
  path: Assets/Scenes/Test Carnet.unity
  artifactKey: Guid(2bb4c0a7c6485274dad6fd8f2582c5fe) Importer(815301076,1909f56bfc062723c751e8b465ee728b)
Start importing Assets/Scenes/Test Carnet.unity using Guid(2bb4c0a7c6485274dad6fd8f2582c5fe) Importer(815301076,1909f56bfc062723c751e8b465ee728b)  -> (artifact id: 'cd35d67303b1f07209c6ed46911dc534') in 0.021041 seconds
  Import took 0.027325 seconds .

========================================================================
Received Import Request.
  Time since last request: 0.000321 seconds.
  path: Assets/Book-Page Curl
  artifactKey: Guid(03f3c4af2e3b5714094d8e5a86b50707) Importer(815301076,1909f56bfc062723c751e8b465ee728b)
Start importing Assets/Book-Page Curl using Guid(03f3c4af2e3b5714094d8e5a86b50707) Importer(815301076,1909f56bfc062723c751e8b465ee728b)  -> (artifact id: 'dcc62fa9b991e97edf9d6bfcb26dce68') in 0.009472 seconds
  Import took 0.015743 seconds .

========================================================================
Received Import Request.
  Time since last request: 0.000286 seconds.
  path: Assets/Full Body FPS Controller
  artifactKey: Guid(d8facd858595bcb42aca9dc161914536) Importer(815301076,1909f56bfc062723c751e8b465ee728b)
Start importing Assets/Full Body FPS Controller using Guid(d8facd858595bcb42aca9dc161914536) Importer(815301076,1909f56bfc062723c751e8b465ee728b)  -> (artifact id: 'd5aee59f7bfdb45a89f8f9e56261b7df') in 0.009981 seconds
  Import took 0.016220 seconds .

========================================================================
Received Import Request.
  Time since last request: 0.000299 seconds.
  path: Assets/PBR_RPG_FPS_Game_Assets_industrial
  artifactKey: Guid(9a7c63d4dbfa64242aa2efcdf6bd33d1) Importer(815301076,1909f56bfc062723c751e8b465ee728b)
Start importing Assets/PBR_RPG_FPS_Game_Assets_industrial using Guid(9a7c63d4dbfa64242aa2efcdf6bd33d1) Importer(815301076,1909f56bfc062723c751e8b465ee728b)  -> (artifact id: '7a3f2f727399f0cea0176b53f81d57ed') in 0.012968 seconds
  Import took 0.019126 seconds .

========================================================================
Received Import Request.
  Time since last request: 0.000278 seconds.
  path: Assets/Shipping Container Environment
  artifactKey: Guid(4f9f8b343001e4b40b8d5aa66e3699c0) Importer(815301076,1909f56bfc062723c751e8b465ee728b)
Start importing Assets/Shipping Container Environment using Guid(4f9f8b343001e4b40b8d5aa66e3699c0) Importer(815301076,1909f56bfc062723c751e8b465ee728b)  -> (artifact id: 'b7e07b7794299dc37bd9529f7d926a69') in 0.011022 seconds
  Import took 0.016660 seconds .

========================================================================
Received Import Request.
  Time since last request: 0.000275 seconds.
  path: Assets/New Terrain.asset
  artifactKey: Guid(37eb76a930fe19d4da44172a1794139d) Importer(815301076,1909f56bfc062723c751e8b465ee728b)
Start importing Assets/New Terrain.asset using Guid(37eb76a930fe19d4da44172a1794139d) Importer(815301076,1909f56bfc062723c751e8b465ee728b)  -> (artifact id: 'b84b5d5e563d264755c220a0e7488da1') in 0.085625 seconds
  Import took 0.091329 seconds .

========================================================================
Received Import Request.
  Time since last request: 0.000258 seconds.
  path: Assets/Scenes/Level Design.unity
  artifactKey: Guid(b44e1e05afce7eb409572bcad808ea55) Importer(815301076,1909f56bfc062723c751e8b465ee728b)
Start importing Assets/Scenes/Level Design.unity using Guid(b44e1e05afce7eb409572bcad808ea55) Importer(815301076,1909f56bfc062723c751e8b465ee728b)  -> (artifact id: '7b6511b337a383ffb9aeb2ca39d7a613') in 0.010863 seconds
  Import took 0.015944 seconds .

========================================================================
Received Import Request.
  Time since last request: 0.000275 seconds.
  path: Assets/VertexField
  artifactKey: Guid(9e72091c7b2557c4faf37025c71ebb70) Importer(815301076,1909f56bfc062723c751e8b465ee728b)
Start importing Assets/VertexField using Guid(9e72091c7b2557c4faf37025c71ebb70) Importer(815301076,1909f56bfc062723c751e8b465ee728b)  -> (artifact id: '861b35c74b09dfce87b49215b6a60b16') in 0.010828 seconds
  Import took 0.016362 seconds .

========================================================================
Received Import Request.
  Time since last request: 0.000262 seconds.
  path: Assets/FireHydrant_Set
  artifactKey: Guid(b40e98f6c89441547a9c7d6eb6f37ebf) Importer(815301076,1909f56bfc062723c751e8b465ee728b)
Start importing Assets/FireHydrant_Set using Guid(b40e98f6c89441547a9c7d6eb6f37ebf) Importer(815301076,1909f56bfc062723c751e8b465ee728b)  -> (artifact id: '09c0775ac07b4c8f905072f8be0256e9') in 0.010568 seconds
  Import took 0.016248 seconds .

========================================================================
Received Import Request.
  Time since last request: 0.000384 seconds.
  path: Assets/Scenes/Character_interact.unity
  artifactKey: Guid(c39f9a660c83112418f305ecf317b031) Importer(815301076,1909f56bfc062723c751e8b465ee728b)
Start importing Assets/Scenes/Character_interact.unity using Guid(c39f9a660c83112418f305ecf317b031) Importer(815301076,1909f56bfc062723c751e8b465ee728b)  -> (artifact id: '57664c0921fb6a1507c2771c8189a3df') in 0.010777 seconds
  Import took 0.016145 seconds .

========================================================================
Received Import Request.
  Time since last request: 0.000270 seconds.
  path: Assets/Scenes
  artifactKey: Guid(f9b18839634dbe54cba99962e05cba66) Importer(815301076,1909f56bfc062723c751e8b465ee728b)
Start importing Assets/Scenes using Guid(f9b18839634dbe54cba99962e05cba66) Importer(815301076,1909f56bfc062723c751e8b465ee728b)  -> (artifact id: 'ff0e3ada67abe52ff6297173c3c23ad1') in 0.010231 seconds
  Import took 0.015422 seconds .

========================================================================
Received Import Request.
  Time since last request: 0.012619 seconds.
  path: Assets/Scenes
  artifactKey: Guid(f9b18839634dbe54cba99962e05cba66) Importer(815301076,1909f56bfc062723c751e8b465ee728b)
Start importing Assets/Scenes using Guid(f9b18839634dbe54cba99962e05cba66) Importer(815301076,1909f56bfc062723c751e8b465ee728b)  -> (artifact id: 'ff0e3ada67abe52ff6297173c3c23ad1') in 0.007313 seconds
  Import took 0.012443 seconds .

========================================================================
Received Import Request.
  Time since last request: 185.512696 seconds.
  path: Assets/Scenes/Character_interact.unity
  artifactKey: Guid(c39f9a660c83112418f305ecf317b031) Importer(815301076,1909f56bfc062723c751e8b465ee728b)
Start importing Assets/Scenes/Character_interact.unity using Guid(c39f9a660c83112418f305ecf317b031) Importer(815301076,1909f56bfc062723c751e8b465ee728b)  -> (artifact id: '9e0a5a181f221e698a27c2633397d331') in 0.005630 seconds
  Import took 0.077064 seconds .

========================================================================
Received Import Request.
  Time since last request: 17.348572 seconds.
  path: Assets/Full Body FPS Controller/Full Body FPS Controller
  artifactKey: Guid(85a191ae102f11548b9caf68e0eaf48a) Importer(815301076,1909f56bfc062723c751e8b465ee728b)
Start importing Assets/Full Body FPS Controller/Full Body FPS Controller using Guid(85a191ae102f11548b9caf68e0eaf48a) Importer(815301076,1909f56bfc062723c751e8b465ee728b)  -> (artifact id: 'af0a52d19590ff8d3b4a1a3b63b1d205') in 0.015638 seconds
  Import took 0.059070 seconds .

========================================================================
Received Import Request.
  Time since last request: 0.000429 seconds.
  path: Assets/Full Body FPS Controller/Easy Survival Scripts - Documentation.pdf
  artifactKey: Guid(e6e02c609a9bc04408c12589f9dff8fb) Importer(815301076,1909f56bfc062723c751e8b465ee728b)
Start importing Assets/Full Body FPS Controller/Easy Survival Scripts - Documentation.pdf using Guid(e6e02c609a9bc04408c12589f9dff8fb) Importer(815301076,1909f56bfc062723c751e8b465ee728b)  -> (artifact id: 'e9605d91c6ac98d466f7bc777b670cac') in 0.019217 seconds
  Import took 0.058494 seconds .

========================================================================
Received Import Request.
  Time since last request: 1.928910 seconds.
  path: Assets/Full Body FPS Controller/Full Body FPS Controller/Animations
  artifactKey: Guid(d2c1ce6edbd82634ebf246becac164ce) Importer(815301076,1909f56bfc062723c751e8b465ee728b)
Start importing Assets/Full Body FPS Controller/Full Body FPS Controller/Animations using Guid(d2c1ce6edbd82634ebf246becac164ce) Importer(815301076,1909f56bfc062723c751e8b465ee728b)  -> (artifact id: '9243c5e8ee90b3f439898cf0bfc51c95') in 0.016508 seconds
  Import took 0.055879 seconds .

========================================================================
Received Import Request.
  Time since last request: 0.000437 seconds.
  path: Assets/Full Body FPS Controller/Full Body FPS Controller/Prototypes
  artifactKey: Guid(94d3ffad25df9184991d007c4651f248) Importer(815301076,1909f56bfc062723c751e8b465ee728b)
Start importing Assets/Full Body FPS Controller/Full Body FPS Controller/Prototypes using Guid(94d3ffad25df9184991d007c4651f248) Importer(815301076,1909f56bfc062723c751e8b465ee728b)  -> (artifact id: 'dad791e403cb3c8bf2fbb7a1ddeba02f') in 0.015120 seconds
  Import took 0.044225 seconds .

========================================================================
Received Import Request.
  Time since last request: 0.000347 seconds.
  path: Assets/Full Body FPS Controller/Full Body FPS Controller/Standard Assets
  artifactKey: Guid(dfcd47caacdaeb24cb902093be8fd5c4) Importer(815301076,1909f56bfc062723c751e8b465ee728b)
Start importing Assets/Full Body FPS Controller/Full Body FPS Controller/Standard Assets using Guid(dfcd47caacdaeb24cb902093be8fd5c4) Importer(815301076,1909f56bfc062723c751e8b465ee728b)  -> (artifact id: 'fd1dc51de5c2281458ef6afbde9e202d') in 0.032999 seconds
  Import took 0.088928 seconds .

========================================================================
Received Import Request.
  Time since last request: 0.002528 seconds.
  path: Assets/Full Body FPS Controller/Full Body FPS Controller/Sounds
  artifactKey: Guid(b6fcda89c6842a643babcaba30a7f0ef) Importer(815301076,1909f56bfc062723c751e8b465ee728b)
Start importing Assets/Full Body FPS Controller/Full Body FPS Controller/Sounds using Guid(b6fcda89c6842a643babcaba30a7f0ef) Importer(815301076,1909f56bfc062723c751e8b465ee728b)  -> (artifact id: 'c3c23bd4d998ce3ed0a81dbc582605c4') in 0.014783 seconds
  Import took 0.081198 seconds .

========================================================================
Received Import Request.
  Time since last request: 0.000261 seconds.
  path: Assets/Full Body FPS Controller/Full Body FPS Controller/Font
  artifactKey: Guid(8206af4f205ad4d4e85ac5a8825378bb) Importer(815301076,1909f56bfc062723c751e8b465ee728b)
Start importing Assets/Full Body FPS Controller/Full Body FPS Controller/Font using Guid(8206af4f205ad4d4e85ac5a8825378bb) Importer(815301076,1909f56bfc062723c751e8b465ee728b)  -> (artifact id: '463d0490182e2be146436dca30462467') in 0.010683 seconds
  Import took 0.080672 seconds .

========================================================================
Received Import Request.
  Time since last request: 0.000289 seconds.
  path: Assets/Full Body FPS Controller/Full Body FPS Controller/Scenes
  artifactKey: Guid(497ed122b76155a4b9bdf430b30cf248) Importer(815301076,1909f56bfc062723c751e8b465ee728b)
Start importing Assets/Full Body FPS Controller/Full Body FPS Controller/Scenes using Guid(497ed122b76155a4b9bdf430b30cf248) Importer(815301076,1909f56bfc062723c751e8b465ee728b)  -> (artifact id: 'c971ee2274c80ffacdb1387bf3ac7dfe') in 0.005408 seconds
  Import took 0.011173 seconds .

========================================================================
Received Import Request.
  Time since last request: 0.000257 seconds.
  path: Assets/Full Body FPS Controller/Full Body FPS Controller/Scripts
  artifactKey: Guid(750d8ef4b30a9fb46a1a2ff9e763b073) Importer(815301076,1909f56bfc062723c751e8b465ee728b)
Start importing Assets/Full Body FPS Controller/Full Body FPS Controller/Scripts using Guid(750d8ef4b30a9fb46a1a2ff9e763b073) Importer(815301076,1909f56bfc062723c751e8b465ee728b)  -> (artifact id: '8bf3ec4e1a56d98dbf684d8b494e5f32') in 0.013974 seconds
  Import took 0.042374 seconds .

========================================================================
Received Import Request.
  Time since last request: 0.000303 seconds.
  path: Assets/Full Body FPS Controller/Full Body FPS Controller/Prefabs
  artifactKey: Guid(283fc959399a5a94087a840ccb486eb2) Importer(815301076,1909f56bfc062723c751e8b465ee728b)
Start importing Assets/Full Body FPS Controller/Full Body FPS Controller/Prefabs using Guid(283fc959399a5a94087a840ccb486eb2) Importer(815301076,1909f56bfc062723c751e8b465ee728b)  -> (artifact id: '5fe91f61bf579e378de90dc38148617a') in 0.010975 seconds
  Import took 0.072171 seconds .

========================================================================
Received Import Request.
  Time since last request: 2.674536 seconds.
  path: Assets/Full Body FPS Controller/Full Body FPS Controller/Scenes/FPS Controller
  artifactKey: Guid(34b974d6b60da8e469c86fdcf2c75b6c) Importer(815301076,1909f56bfc062723c751e8b465ee728b)
Start importing Assets/Full Body FPS Controller/Full Body FPS Controller/Scenes/FPS Controller using Guid(34b974d6b60da8e469c86fdcf2c75b6c) Importer(815301076,1909f56bfc062723c751e8b465ee728b)  -> (artifact id: 'b8886a026299d7acac5c1aeafe537c8b') in 0.010845 seconds
  Import took 0.039221 seconds .

========================================================================
Received Import Request.
  Time since last request: 0.000278 seconds.
  path: Assets/Full Body FPS Controller/Full Body FPS Controller/Scenes/FPS Controller.unity
  artifactKey: Guid(252d539f8c07a714bbe8db2fb5d265a3) Importer(815301076,1909f56bfc062723c751e8b465ee728b)
Start importing Assets/Full Body FPS Controller/Full Body FPS Controller/Scenes/FPS Controller.unity using Guid(252d539f8c07a714bbe8db2fb5d265a3) Importer(815301076,1909f56bfc062723c751e8b465ee728b)  -> (artifact id: '164f91911c6438a526ddd67a9cc2e29b') in 0.017451 seconds
  Import took 0.054805 seconds .

========================================================================
Received Import Request.
  Time since last request: 0.924377 seconds.
  path: Assets/Full Body FPS Controller/Full Body FPS Controller/Scenes/FPS Controller/LightingData.asset
  artifactKey: Guid(72b9b22419752494a9d4c7f97046aa5d) Importer(815301076,1909f56bfc062723c751e8b465ee728b)
Start importing Assets/Full Body FPS Controller/Full Body FPS Controller/Scenes/FPS Controller/LightingData.asset using Guid(72b9b22419752494a9d4c7f97046aa5d) Importer(815301076,1909f56bfc062723c751e8b465ee728b) Lighting data asset ‘LightingData’ is incompatible with the current Unity version. Please use Generate Lighting to rebuild the lighting data.  Realtime Global Illumination cannot be used until the lighting data is rebuilt.

 -> (artifact id: 'a16b85abdd9ceb92cf1e411358f65db7') in 0.467108 seconds
  Import took 0.499180 seconds .

========================================================================
Received Import Request.
  Time since last request: 0.000298 seconds.
  path: Assets/Full Body FPS Controller/Full Body FPS Controller/Scenes/FPS Controller/ReflectionProbe-0.exr
  artifactKey: Guid(6eb02c57cd2b4dd47bb9817e5e8d51b5) Importer(815301076,1909f56bfc062723c751e8b465ee728b)
Start importing Assets/Full Body FPS Controller/Full Body FPS Controller/Scenes/FPS Controller/ReflectionProbe-0.exr using Guid(6eb02c57cd2b4dd47bb9817e5e8d51b5) Importer(815301076,1909f56bfc062723c751e8b465ee728b)  -> (artifact id: '502be8b1f6bd116ad2f65457307403dc') in 1.983300 seconds
  Import took 2.038076 seconds .

========================================================================
Received Import Request.
  Time since last request: 3.962953 seconds.
  path: Assets/Full Body FPS Controller/Full Body FPS Controller/Prefabs/FPS Controller Ethan.prefab
  artifactKey: Guid(276048d2ee70e2a41b03820dc34e5366) Importer(815301076,1909f56bfc062723c751e8b465ee728b)
Start importing Assets/Full Body FPS Controller/Full Body FPS Controller/Prefabs/FPS Controller Ethan.prefab using Guid(276048d2ee70e2a41b03820dc34e5366) Importer(815301076,1909f56bfc062723c751e8b465ee728b)  -> (artifact id: '0eccd8e4d3063f1b5aaec58947c09b28') in 4.829171 seconds
  Import took 4.893731 seconds .

========================================================================
Received Import Request.
  Time since last request: 0.000347 seconds.
  path: Assets/Full Body FPS Controller/Full Body FPS Controller/Prefabs/FPS Controller Robo.prefab
  artifactKey: Guid(7c19aa052486f2946a27359d5b224ba8) Importer(815301076,1909f56bfc062723c751e8b465ee728b)
Start importing Assets/Full Body FPS Controller/Full Body FPS Controller/Prefabs/FPS Controller Robo.prefab using Guid(7c19aa052486f2946a27359d5b224ba8) Importer(815301076,1909f56bfc062723c751e8b465ee728b)  -> (artifact id: 'ad4dfb6ba77c451c001994c47143f909') in 0.149997 seconds
  Import took 0.211912 seconds .

========================================================================
Received Prepare
Reloading mono domain
Begin MonoManager ReloadAssembly
Registering precompiled unity dll's ...
Register platform support module: D:/master/Platformer/Platformer/2020.2.0b10/Editor/Data/PlaybackEngines/WebGLSupport/UnityEditor.WebGL.Extensions.dll
Register platform support module: D:/master/Platformer/Platformer/2020.2.0b10/Editor/Data/PlaybackEngines/WindowsStandaloneSupport/UnityEditor.WindowsStandalone.Extensions.dll
Registered in 0.007309 seconds.
Symbol file LoadedFromMemory doesn't match image D:\master2\Walking-Simulator\Walking-Simulator\Walking Sim URP\Library\PackageCache\com.unity.ext.nunit@1.0.0\net35\unity-custom\nunit.framework.dll
Native extension for WindowsStandalone target not found
Native extension for WebGL target not found
Refreshing native plugins compatible for Editor in 67.65 ms, found 0 plugins.
Preloading 0 native plugins for Editor in 0.00 ms.
Invoked RoslynAnalysisRunner static constructor.
RoslynAnalysisRunner will not be running.
RoslynAnalysisRunner has terminated.
Mono: successfully reloaded assembly
- Completed reload, in  1.622 seconds
Platform modules already initialized, skipping
Registering precompiled user dll's ...
Registered in 0.003964 seconds.
Begin MonoManager ReloadAssembly
Symbol file LoadedFromMemory doesn't match image D:\master2\Walking-Simulator\Walking-Simulator\Walking Sim URP\Library\PackageCache\com.unity.ext.nunit@1.0.0\net35\unity-custom\nunit.framework.dll
Native extension for WindowsStandalone target not found
Native extension for WebGL target not found
Refreshing native plugins compatible for Editor in 0.61 ms, found 0 plugins.
Preloading 0 native plugins for Editor in 0.00 ms.
Invoked RoslynAnalysisRunner static constructor.
RoslynAnalysisRunner will not be running.
RoslynAnalysisRunner has terminated.
Mono: successfully reloaded assembly
- Completed reload, in  1.508 seconds
Platform modules already initialized, skipping
Shader 'Universal Render Pipeline/Particles/Lit': fallback shader 'Universal Render Pipeline/Particles/SimpleLit' not found
Refreshing native plugins compatible for Editor in 0.80 ms, found 0 plugins.
Preloading 0 native plugins for Editor in 0.00 ms.
Unloading 21 Unused Serialized files (Serialized files now loaded: 0)
System memory in use before: 74.5 MB.
System memory in use after: 74.5 MB.

Unloading 14 unused Assets to reduce memory usage. Loaded Objects now: 2922.
Total: 3.780600 ms (FindLiveObjects: 0.423300 ms CreateObjectMapping: 0.101100 ms MarkObjects: 2.996800 ms  DeleteObjects: 0.257100 ms)

========================================================================
Received Prepare
Reloading mono domain
Begin MonoManager ReloadAssembly
Registering precompiled unity dll's ...
Register platform support module: D:/master/Platformer/Platformer/2020.2.0b10/Editor/Data/PlaybackEngines/WebGLSupport/UnityEditor.WebGL.Extensions.dll
Register platform support module: D:/master/Platformer/Platformer/2020.2.0b10/Editor/Data/PlaybackEngines/WindowsStandaloneSupport/UnityEditor.WindowsStandalone.Extensions.dll
Registered in 0.007565 seconds.
Symbol file LoadedFromMemory doesn't match image D:\master2\Walking-Simulator\Walking-Simulator\Walking Sim URP\Library\PackageCache\com.unity.ext.nunit@1.0.0\net35\unity-custom\nunit.framework.dll
Native extension for WindowsStandalone target not found
Native extension for WebGL target not found
Refreshing native plugins compatible for Editor in 80.45 ms, found 0 plugins.
Preloading 0 native plugins for Editor in 0.00 ms.
Invoked RoslynAnalysisRunner static constructor.
RoslynAnalysisRunner will not be running.
RoslynAnalysisRunner has terminated.
Mono: successfully reloaded assembly
- Completed reload, in  1.765 seconds
Platform modules already initialized, skipping
Registering precompiled user dll's ...
Registered in 0.004242 seconds.
Begin MonoManager ReloadAssembly
Symbol file LoadedFromMemory doesn't match image D:\master2\Walking-Simulator\Walking-Simulator\Walking Sim URP\Library\PackageCache\com.unity.ext.nunit@1.0.0\net35\unity-custom\nunit.framework.dll
Native extension for WindowsStandalone target not found
Native extension for WebGL target not found
Refreshing native plugins compatible for Editor in 0.58 ms, found 0 plugins.
Preloading 0 native plugins for Editor in 0.00 ms.
Invoked RoslynAnalysisRunner static constructor.
RoslynAnalysisRunner will not be running.
RoslynAnalysisRunner has terminated.
Mono: successfully reloaded assembly
- Completed reload, in  1.759 seconds
Platform modules already initialized, skipping
Shader 'Universal Render Pipeline/Particles/Lit': fallback shader 'Universal Render Pipeline/Particles/SimpleLit' not found
Refreshing native plugins compatible for Editor in 0.55 ms, found 0 plugins.
Preloading 0 native plugins for Editor in 0.00 ms.
Unloading 15 Unused Serialized files (Serialized files now loaded: 0)
System memory in use before: 75.2 MB.
System memory in use after: 75.2 MB.

Unloading 14 unused Assets to reduce memory usage. Loaded Objects now: 2926.
Total: 3.643700 ms (FindLiveObjects: 0.452900 ms CreateObjectMapping: 0.109400 ms MarkObjects: 2.874200 ms  DeleteObjects: 0.204600 ms)

========================================================================
Received Import Request.
  Time since last request: 394.039762 seconds.
  path: Assets/Scenes/Character_interact.unity
  artifactKey: Guid(c39f9a660c83112418f305ecf317b031) Importer(815301076,1909f56bfc062723c751e8b465ee728b)
Start importing Assets/Scenes/Character_interact.unity using Guid(c39f9a660c83112418f305ecf317b031) Importer(815301076,1909f56bfc062723c751e8b465ee728b)  -> (artifact id: '3323c7817a94f5d6cef38ab4a846be09') in 0.017614 seconds
  Import took 0.035234 seconds .

========================================================================
Received Prepare
Reloading mono domain
Begin MonoManager ReloadAssembly
Registering precompiled unity dll's ...
Register platform support module: D:/master/Platformer/Platformer/2020.2.0b10/Editor/Data/PlaybackEngines/WebGLSupport/UnityEditor.WebGL.Extensions.dll
Register platform support module: D:/master/Platformer/Platformer/2020.2.0b10/Editor/Data/PlaybackEngines/WindowsStandaloneSupport/UnityEditor.WindowsStandalone.Extensions.dll
Registered in 0.007236 seconds.
Symbol file LoadedFromMemory doesn't match image D:\master2\Walking-Simulator\Walking-Simulator\Walking Sim URP\Library\PackageCache\com.unity.ext.nunit@1.0.0\net35\unity-custom\nunit.framework.dll
Native extension for WindowsStandalone target not found
Native extension for WebGL target not found
Refreshing native plugins compatible for Editor in 80.50 ms, found 0 plugins.
Preloading 0 native plugins for Editor in 0.00 ms.
Invoked RoslynAnalysisRunner static constructor.
RoslynAnalysisRunner will not be running.
RoslynAnalysisRunner has terminated.
Mono: successfully reloaded assembly
- Completed reload, in  2.342 seconds
Platform modules already initialized, skipping
Registering precompiled user dll's ...
Registered in 0.004020 seconds.
Begin MonoManager ReloadAssembly
Symbol file LoadedFromMemory doesn't match image D:\master2\Walking-Simulator\Walking-Simulator\Walking Sim URP\Library\PackageCache\com.unity.ext.nunit@1.0.0\net35\unity-custom\nunit.framework.dll
Native extension for WindowsStandalone target not found
Native extension for WebGL target not found
Refreshing native plugins compatible for Editor in 0.63 ms, found 0 plugins.
Preloading 0 native plugins for Editor in 0.00 ms.
Invoked RoslynAnalysisRunner static constructor.
RoslynAnalysisRunner will not be running.
RoslynAnalysisRunner has terminated.
Mono: successfully reloaded assembly
- Completed reload, in  1.950 seconds
Platform modules already initialized, skipping
Shader 'Universal Render Pipeline/Particles/Lit': fallback shader 'Universal Render Pipeline/Particles/SimpleLit' not found
Refreshing native plugins compatible for Editor in 0.55 ms, found 0 plugins.
Preloading 0 native plugins for Editor in 0.00 ms.
Unloading 15 Unused Serialized files (Serialized files now loaded: 0)
System memory in use before: 75.3 MB.
System memory in use after: 75.2 MB.

Unloading 14 unused Assets to reduce memory usage. Loaded Objects now: 2930.
Total: 3.185200 ms (FindLiveObjects: 0.521800 ms CreateObjectMapping: 0.098700 ms MarkObjects: 2.365700 ms  DeleteObjects: 0.197300 ms)

========================================================================
Received Import Request.
  Time since last request: 167.429604 seconds.
  path: Assets/Scenes/Character_interact.unity
  artifactKey: Guid(c39f9a660c83112418f305ecf317b031) Importer(815301076,1909f56bfc062723c751e8b465ee728b)
Start importing Assets/Scenes/Character_interact.unity using Guid(c39f9a660c83112418f305ecf317b031) Importer(815301076,1909f56bfc062723c751e8b465ee728b)  -> (artifact id: '85fec579253b8bfa810549b71a352db5') in 0.019494 seconds
  Import took 0.040186 seconds .

========================================================================
Received Prepare
Reloading mono domain
Begin MonoManager ReloadAssembly
Registering precompiled unity dll's ...
Register platform support module: D:/master/Platformer/Platformer/2020.2.0b10/Editor/Data/PlaybackEngines/WebGLSupport/UnityEditor.WebGL.Extensions.dll
Register platform support module: D:/master/Platformer/Platformer/2020.2.0b10/Editor/Data/PlaybackEngines/WindowsStandaloneSupport/UnityEditor.WindowsStandalone.Extensions.dll
Registered in 0.007867 seconds.
Symbol file LoadedFromMemory doesn't match image D:\master2\Walking-Simulator\Walking-Simulator\Walking Sim URP\Library\PackageCache\com.unity.ext.nunit@1.0.0\net35\unity-custom\nunit.framework.dll
Native extension for WindowsStandalone target not found
Native extension for WebGL target not found
Refreshing native plugins compatible for Editor in 80.72 ms, found 0 plugins.
Preloading 0 native plugins for Editor in 0.00 ms.
Invoked RoslynAnalysisRunner static constructor.
RoslynAnalysisRunner will not be running.
RoslynAnalysisRunner has terminated.
Mono: successfully reloaded assembly
- Completed reload, in  2.122 seconds
Platform modules already initialized, skipping
Registering precompiled user dll's ...
Registered in 0.004087 seconds.
Begin MonoManager ReloadAssembly
Symbol file LoadedFromMemory doesn't match image D:\master2\Walking-Simulator\Walking-Simulator\Walking Sim URP\Library\PackageCache\com.unity.ext.nunit@1.0.0\net35\unity-custom\nunit.framework.dll
Native extension for WindowsStandalone target not found
Native extension for WebGL target not found
Refreshing native plugins compatible for Editor in 0.57 ms, found 0 plugins.
Preloading 0 native plugins for Editor in 0.00 ms.
Invoked RoslynAnalysisRunner static constructor.
RoslynAnalysisRunner will not be running.
RoslynAnalysisRunner has terminated.
Mono: successfully reloaded assembly
- Completed reload, in  2.006 seconds
Platform modules already initialized, skipping
Shader 'Universal Render Pipeline/Particles/Lit': fallback shader 'Universal Render Pipeline/Particles/SimpleLit' not found
Refreshing native plugins compatible for Editor in 0.64 ms, found 0 plugins.
Preloading 0 native plugins for Editor in 0.00 ms.
Unloading 15 Unused Serialized files (Serialized files now loaded: 0)
System memory in use before: 75.3 MB.
System memory in use after: 75.2 MB.

Unloading 14 unused Assets to reduce memory usage. Loaded Objects now: 2934.
Total: 3.633500 ms (FindLiveObjects: 0.504800 ms CreateObjectMapping: 0.200000 ms MarkObjects: 2.704100 ms  DeleteObjects: 0.221900 ms)

========================================================================
Received Import Request.
  Time since last request: 263.488702 seconds.
  path: Assets/Scenes/Character_interact.unity
  artifactKey: Guid(c39f9a660c83112418f305ecf317b031) Importer(815301076,1909f56bfc062723c751e8b465ee728b)
Start importing Assets/Scenes/Character_interact.unity using Guid(c39f9a660c83112418f305ecf317b031) Importer(815301076,1909f56bfc062723c751e8b465ee728b)  -> (artifact id: '1e88decd91d33be0067b27b0d5ada991') in 0.019922 seconds
  Import took 0.032804 seconds .

========================================================================
Received Import Request.
  Time since last request: 55.003692 seconds.
  path: Assets/Full Body FPS Controller/Full Body FPS Controller/Scripts/Editor
  artifactKey: Guid(3b673c951e2a50742b04da12dc02ea74) Importer(815301076,1909f56bfc062723c751e8b465ee728b)
Start importing Assets/Full Body FPS Controller/Full Body FPS Controller/Scripts/Editor using Guid(3b673c951e2a50742b04da12dc02ea74) Importer(815301076,1909f56bfc062723c751e8b465ee728b)  -> (artifact id: 'be18e146b2ca1dfbb19aeae0d4d9272d') in 0.010442 seconds
  Import took 0.043539 seconds .

========================================================================
Received Import Request.
  Time since last request: 0.000300 seconds.
  path: Assets/Full Body FPS Controller/Full Body FPS Controller/Scripts/PlayerCamera.cs
  artifactKey: Guid(128986db794512944a3a1323226a1da8) Importer(815301076,1909f56bfc062723c751e8b465ee728b)
Start importing Assets/Full Body FPS Controller/Full Body FPS Controller/Scripts/PlayerCamera.cs using Guid(128986db794512944a3a1323226a1da8) Importer(815301076,1909f56bfc062723c751e8b465ee728b)  -> (artifact id: '6d6486d8234b5ebf539158c872fcf0af') in 0.103743 seconds
  Import took 0.123473 seconds .

========================================================================
Received Import Request.
  Time since last request: 0.000272 seconds.
  path: Assets/Full Body FPS Controller/Full Body FPS Controller/Scripts/PlayerMovement.cs
  artifactKey: Guid(dbfed88f85d8ded43ba63fde8a507601) Importer(815301076,1909f56bfc062723c751e8b465ee728b)
Start importing Assets/Full Body FPS Controller/Full Body FPS Controller/Scripts/PlayerMovement.cs using Guid(dbfed88f85d8ded43ba63fde8a507601) Importer(815301076,1909f56bfc062723c751e8b465ee728b)  -> (artifact id: '3b653d78102d53e90983d6d3f05cbaa7') in 0.022207 seconds
  Import took 0.029600 seconds .

========================================================================
Received Import Request.
  Time since last request: 0.000469 seconds.
  path: Assets/Full Body FPS Controller/Full Body FPS Controller/Scripts/FPSAnimator_SMB.cs
  artifactKey: Guid(cb6c4a7d7f12aa14abfd29747615f46f) Importer(815301076,1909f56bfc062723c751e8b465ee728b)
Start importing Assets/Full Body FPS Controller/Full Body FPS Controller/Scripts/FPSAnimator_SMB.cs using Guid(cb6c4a7d7f12aa14abfd29747615f46f) Importer(815301076,1909f56bfc062723c751e8b465ee728b)  -> (artifact id: '2a950c4cf811d7333bd64baf5f145257') in 0.010771 seconds
  Import took 0.029048 seconds .

========================================================================
Received Import Request.
  Time since last request: 154.334662 seconds.
  path: Assets/Full Body FPS Controller/Full Body FPS Controller/Scripts/Player_Interact.cs
  artifactKey: Guid(67b13e372e596f242b7d152dd8d6aa2e) Importer(815301076,1909f56bfc062723c751e8b465ee728b)
Start importing Assets/Full Body FPS Controller/Full Body FPS Controller/Scripts/Player_Interact.cs using Guid(67b13e372e596f242b7d152dd8d6aa2e) Importer(815301076,1909f56bfc062723c751e8b465ee728b)  -> (artifact id: '24a1c958bc0c7b7d94bcb348eb87af46') in 0.012252 seconds
  Import took 0.089036 seconds .

========================================================================
Received Prepare
Reloading mono domain
Begin MonoManager ReloadAssembly
Registering precompiled unity dll's ...
Register platform support module: D:/master/Platformer/Platformer/2020.2.0b10/Editor/Data/PlaybackEngines/WebGLSupport/UnityEditor.WebGL.Extensions.dll
Register platform support module: D:/master/Platformer/Platformer/2020.2.0b10/Editor/Data/PlaybackEngines/WindowsStandaloneSupport/UnityEditor.WindowsStandalone.Extensions.dll
Registered in 0.007371 seconds.
Symbol file LoadedFromMemory doesn't match image D:\master2\Walking-Simulator\Walking-Simulator\Walking Sim URP\Library\PackageCache\com.unity.ext.nunit@1.0.0\net35\unity-custom\nunit.framework.dll
Native extension for WindowsStandalone target not found
Native extension for WebGL target not found
Refreshing native plugins compatible for Editor in 2086.38 ms, found 0 plugins.
Preloading 0 native plugins for Editor in 0.00 ms.
Invoked RoslynAnalysisRunner static constructor.
RoslynAnalysisRunner will not be running.
RoslynAnalysisRunner has terminated.
Mono: successfully reloaded assembly
- Completed reload, in 10.658 seconds
Platform modules already initialized, skipping
Registering precompiled user dll's ...
Registered in 0.003412 seconds.
Begin MonoManager ReloadAssembly
Symbol file LoadedFromMemory doesn't match image D:\master2\Walking-Simulator\Walking-Simulator\Walking Sim URP\Library\PackageCache\com.unity.ext.nunit@1.0.0\net35\unity-custom\nunit.framework.dll
Native extension for WindowsStandalone target not found
Native extension for WebGL target not found
Refreshing native plugins compatible for Editor in 0.54 ms, found 0 plugins.
Preloading 0 native plugins for Editor in 0.00 ms.
Invoked RoslynAnalysisRunner static constructor.
RoslynAnalysisRunner will not be running.
RoslynAnalysisRunner has terminated.
Mono: successfully reloaded assembly
- Completed reload, in  5.546 seconds
Platform modules already initialized, skipping
Shader 'Universal Render Pipeline/Particles/Lit': fallback shader 'Universal Render Pipeline/Particles/SimpleLit' not found
Refreshing native plugins compatible for Editor in 0.64 ms, found 0 plugins.
Preloading 0 native plugins for Editor in 0.00 ms.
Unloading 16 Unused Serialized files (Serialized files now loaded: 0)
System memory in use before: 75.1 MB.
System memory in use after: 75.1 MB.

Unloading 14 unused Assets to reduce memory usage. Loaded Objects now: 2939.
Total: 3.336100 ms (FindLiveObjects: 0.452200 ms CreateObjectMapping: 0.103700 ms MarkObjects: 2.527600 ms  DeleteObjects: 0.250100 ms)

========================================================================
Received Import Request.
  Time since last request: 350.797301 seconds.
  path: Assets/Full Body FPS Controller/Full Body FPS Controller/Scripts/PlayerMovement.cs
  artifactKey: Guid(dbfed88f85d8ded43ba63fde8a507601) Importer(815301076,1909f56bfc062723c751e8b465ee728b)
Start importing Assets/Full Body FPS Controller/Full Body FPS Controller/Scripts/PlayerMovement.cs using Guid(dbfed88f85d8ded43ba63fde8a507601) Importer(815301076,1909f56bfc062723c751e8b465ee728b)  -> (artifact id: '1862dc1bad55fe286ecd1d7aca9ac474') in 0.015965 seconds
  Import took 0.059260 seconds .

========================================================================
Received Import Request.
  Time since last request: 0.000274 seconds.
  path: ProjectSettings/TagManager.asset
  artifactKey: Guid(00000000000000003000000000000000) Importer(815301076,1909f56bfc062723c751e8b465ee728b)
Start importing ProjectSettings/TagManager.asset using Guid(00000000000000003000000000000000) Importer(815301076,1909f56bfc062723c751e8b465ee728b)  -> (artifact id: '709d4e6d65924360315b416ecf452e8b') in 0.056317 seconds
  Import took 0.078518 seconds .

========================================================================
Received Import Request.
  Time since last request: 0.000268 seconds.
  path: Assets/Full Body FPS Controller/Full Body FPS Controller/Scripts/Player_Interact.cs
  artifactKey: Guid(67b13e372e596f242b7d152dd8d6aa2e) Importer(815301076,1909f56bfc062723c751e8b465ee728b)
Start importing Assets/Full Body FPS Controller/Full Body FPS Controller/Scripts/Player_Interact.cs using Guid(67b13e372e596f242b7d152dd8d6aa2e) Importer(815301076,1909f56bfc062723c751e8b465ee728b)  -> (artifact id: '190cd0b5dd508eae789db999e7d9b236') in 0.032736 seconds
  Import took 0.076965 seconds .

========================================================================
Received Import Request.
  Time since last request: 497.771000 seconds.
  path: Assets/Full Body FPS Controller/Full Body FPS Controller/Scripts/Player_Interact.cs
  artifactKey: Guid(67b13e372e596f242b7d152dd8d6aa2e) Importer(815301076,1909f56bfc062723c751e8b465ee728b)
Start importing Assets/Full Body FPS Controller/Full Body FPS Controller/Scripts/Player_Interact.cs using Guid(67b13e372e596f242b7d152dd8d6aa2e) Importer(815301076,1909f56bfc062723c751e8b465ee728b)  -> (artifact id: '12469a4e7cb71353117a31dd3e4f381a') in 0.015762 seconds
  Import took 0.093693 seconds .

========================================================================
Received Import Request.
  Time since last request: 44.028810 seconds.
  path: Assets/Scripts/Objets_Interactifs
  artifactKey: Guid(e8110ee498e14494fbe46b71400a42c6) Importer(815301076,1909f56bfc062723c751e8b465ee728b)
Start importing Assets/Scripts/Objets_Interactifs using Guid(e8110ee498e14494fbe46b71400a42c6) Importer(815301076,1909f56bfc062723c751e8b465ee728b)  -> (artifact id: '9dbbba0e35d340a4ac22d857dd83e96d') in 0.013431 seconds
  Import took 0.043701 seconds .

========================================================================
Received Import Request.
  Time since last request: 13.141819 seconds.
  path: Assets/Scripts/Objets_Interactifs/Collextibles.cs
  artifactKey: Guid(4d827b8c7d547ba4bbc7e5945e7d8ea5) Importer(815301076,1909f56bfc062723c751e8b465ee728b)
Start importing Assets/Scripts/Objets_Interactifs/Collextibles.cs using Guid(4d827b8c7d547ba4bbc7e5945e7d8ea5) Importer(815301076,1909f56bfc062723c751e8b465ee728b)  -> (artifact id: '8b45ce2f94558942db9bac23bab0c5ac') in 0.472244 seconds
  Import took 0.870735 seconds .

========================================================================
Received Import Request.
  Time since last request: 14.314676 seconds.
  path: Assets/Scripts/Objets_Interactifs/Collectibles.cs
  artifactKey: Guid(f9bb3a874ebe5964287b95f1a8b47fae) Importer(815301076,1909f56bfc062723c751e8b465ee728b)
Start importing Assets/Scripts/Objets_Interactifs/Collectibles.cs using Guid(f9bb3a874ebe5964287b95f1a8b47fae) Importer(815301076,1909f56bfc062723c751e8b465ee728b)  -> (artifact id: '8d883fd32668c058cb5fd2026bf61058') in 0.273957 seconds
  Import took 0.549820 seconds .

========================================================================
Received Import Request.
  Time since last request: 83.845575 seconds.
  path: Assets/Scripts/Objets_Interactifs/Collectibles.cs
  artifactKey: Guid(f9bb3a874ebe5964287b95f1a8b47fae) Importer(815301076,1909f56bfc062723c751e8b465ee728b)
Start importing Assets/Scripts/Objets_Interactifs/Collectibles.cs using Guid(f9bb3a874ebe5964287b95f1a8b47fae) Importer(815301076,1909f56bfc062723c751e8b465ee728b)  -> (artifact id: '3940d80b29d509f1a33898cde1c29982') in 0.041028 seconds
  Import took 0.069130 seconds .

========================================================================
Received Import Request.
  Time since last request: 779.613039 seconds.
  path: Assets/Scripts/Objets_Interactifs/Collectibles.cs
  artifactKey: Guid(f9bb3a874ebe5964287b95f1a8b47fae) Importer(815301076,1909f56bfc062723c751e8b465ee728b)
Start importing Assets/Scripts/Objets_Interactifs/Collectibles.cs using Guid(f9bb3a874ebe5964287b95f1a8b47fae) Importer(815301076,1909f56bfc062723c751e8b465ee728b)  -> (artifact id: 'e9846f94aef5d013cad73304e811ae7f') in 0.012019 seconds
  Import took 0.043869 seconds .

AssetImportWorkerClient::OnTransportError - code=2 error=End of file
