Using pre-set license
Built from '2020.2/staging' branch; Version is '2020.2.0b10 (19f63eee530c) revision 1701438'; Using compiler version '192528614'; Build Type 'Release'
OS: 'Windows 10  (10.0.0) 64bit' Language: 'fr' Physical Memory: 16352 MB
BatchMode: 1, IsHumanControllingUs: 0, StartBugReporterOnCrash: 0, Is64bit: 1, IsPro: 0

 COMMAND LINE ARGUMENTS:
C:\Program Files\Unity\Hub\Editor\2020.2.0b10\Editor\Unity.exe
-adb2
-batchMode
-noUpm
-name
AssetImportWorker1
-projectPath
D:/Sauvegarde/Documents/Cours_AMINJ/M2/Walking Sim/Walking-Simulator/Walking Sim URP
-logFile
Logs/AssetImportWorker1.log
-srvPort
55987
Successfully changed project path to: D:/master2/Walking-Simulator/Walking-Simulator/Walking Sim URP
D:/master2/Walking-Simulator/Walking-Simulator/Walking Sim URP
Using Asset Import Pipeline V2.
Refreshing native plugins compatible for Editor in 150.41 ms, found 2 plugins.
Preloading 0 native plugins for Editor in 0.00 ms.
Initialize engine version: 2020.2.0b10 (19f63eee530c)
[Subsystems] Discovering subsystems at path C:/Program Files/Unity/Hub/Editor/2020.2.0b10/Editor/Data/Resources/UnitySubsystems
[Subsystems] Discovering subsystems at path D:/Sauvegarde/Documents/Cours_AMINJ/M2/Walking Sim/Walking-Simulator/Walking Sim URP/Assets
GfxDevice: creating device client; threaded=0
Direct3D:
    Version:  Direct3D 11.0 [level 11.1]
    Renderer: NVIDIA GeForce GTX 1050 (ID=0x1c81)
    Vendor:   
    VRAM:     1977 MB
    Driver:   27.21.14.5730
Shader 'Universal Render Pipeline/Particles/Lit': fallback shader 'Universal Render Pipeline/Particles/SimpleLit' not found
Initialize mono
Mono path[0] = 'D:/master/Platformer/Platformer/2020.2.0b10/Editor/Data/Managed'
Mono path[1] = 'D:/master/Platformer/Platformer/2020.2.0b10/Editor/Data/MonoBleedingEdge/lib/mono/unityjit'
Mono config path = 'D:/master/Platformer/Platformer/2020.2.0b10/Editor/Data/MonoBleedingEdge/etc'
Using monoOptions --debugger-agent=transport=dt_socket,embedding=1,server=y,suspend=n,address=127.0.0.1:56948
Begin MonoManager ReloadAssembly
Registering precompiled unity dll's ...
Register platform support module: D:/master/Platformer/Platformer/2020.2.0b10/Editor/Data/PlaybackEngines/WebGLSupport/UnityEditor.WebGL.Extensions.dll
Register platform support module: D:/master/Platformer/Platformer/2020.2.0b10/Editor/Data/PlaybackEngines/WindowsStandaloneSupport/UnityEditor.WindowsStandalone.Extensions.dll
Registered in 0.008520 seconds.
Native extension for WindowsStandalone target not found
Native extension for WebGL target not found
Refreshing native plugins compatible for Editor in 1723.88 ms, found 2 plugins.
Preloading 0 native plugins for Editor in 0.00 ms.
Invoked RoslynAnalysisRunner static constructor.
RoslynAnalysisRunner will not be running.
RoslynAnalysisRunner has terminated.
Mono: successfully reloaded assembly
- Completed reload, in  4.559 seconds
Platform modules already initialized, skipping
Registering precompiled user dll's ...
Registered in 0.026905 seconds.
Begin MonoManager ReloadAssembly
Native extension for WindowsStandalone target not found
Native extension for WebGL target not found
Refreshing native plugins compatible for Editor in 100.04 ms, found 2 plugins.
Preloading 0 native plugins for Editor in 0.00 ms.
Invoked RoslynAnalysisRunner static constructor.
RoslynAnalysisRunner will not be running.
RoslynAnalysisRunner has terminated.
RefreshInfo: StopAssetImportingV2(NoUpdateAssetOptions) scanfilter: 
RefreshProfiler: Total: 0.000ms
Mono: successfully reloaded assembly
- Completed reload, in  2.397 seconds
Platform modules already initialized, skipping
========================================================================
Worker process is ready to serve import requests
Shader 'Universal Render Pipeline/Particles/Lit': fallback shader 'Universal Render Pipeline/Particles/SimpleLit' not found
Launched and connected shader compiler UnityShaderCompiler.exe after 0.05 seconds
Refreshing native plugins compatible for Editor in 1.21 ms, found 2 plugins.
Preloading 0 native plugins for Editor in 0.00 ms.
Unloading 58 Unused Serialized files (Serialized files now loaded: 0)
System memory in use before: 70.2 MB.
System memory in use after: 70.1 MB.

Unloading 73 unused Assets to reduce memory usage. Loaded Objects now: 2896.
Total: 3.194600 ms (FindLiveObjects: 0.900400 ms CreateObjectMapping: 0.193900 ms MarkObjects: 1.912400 ms  DeleteObjects: 0.186500 ms)

========================================================================
Received Import Request.
  path: Assets/Plugins
  artifactKey: Guid(de2296c95ea741d4f9806388ff7f0400) Importer(815301076,1909f56bfc062723c751e8b465ee728b)
Start importing Assets/Plugins using Guid(de2296c95ea741d4f9806388ff7f0400) Importer(815301076,1909f56bfc062723c751e8b465ee728b)  -> (artifact id: 'affe263b30a581a1a575ef5500c29c84') in 0.203190 seconds
  Import took 0.208312 seconds .

========================================================================
Received Import Request.
  Time since last request: 0.000323 seconds.
  path: Assets/Gizmos
  artifactKey: Guid(f3a8f5ebefde285479bb3025908de7bb) Importer(815301076,1909f56bfc062723c751e8b465ee728b)
Start importing Assets/Gizmos using Guid(f3a8f5ebefde285479bb3025908de7bb) Importer(815301076,1909f56bfc062723c751e8b465ee728b)  -> (artifact id: '80d83da05f174bbd742e88d02b49f22a') in 0.018200 seconds
  Import took 0.023530 seconds .

========================================================================
Received Import Request.
  Time since last request: 0.000184 seconds.
  path: Assets/Editor Default Resources
  artifactKey: Guid(06b15d1ae6c78634fad275fef614c9a9) Importer(815301076,1909f56bfc062723c751e8b465ee728b)
Start importing Assets/Editor Default Resources using Guid(06b15d1ae6c78634fad275fef614c9a9) Importer(815301076,1909f56bfc062723c751e8b465ee728b)  -> (artifact id: 'be730768574cf29232d7df83b6c7895e') in 0.020595 seconds
  Import took 0.026521 seconds .

========================================================================
Received Import Request.
  Time since last request: 34.829155 seconds.
  path: Assets/Textures
  artifactKey: Guid(dd4b4d13bbf044143a108cdf25e984ac) Importer(815301076,1909f56bfc062723c751e8b465ee728b)
Start importing Assets/Textures using Guid(dd4b4d13bbf044143a108cdf25e984ac) Importer(815301076,1909f56bfc062723c751e8b465ee728b)  -> (artifact id: 'f770824c3196f1b08840bf8fb3ae7f27') in 0.016159 seconds
  Import took 0.032524 seconds .

AssetImportWorkerClient::OnTransportError - code=2 error=End of file
