Using pre-set license
Built from '2020.2/staging' branch; Version is '2020.2.0b13 (655e1a328b90) revision 6643226'; Using compiler version '192528614'; Build Type 'Release'
OS: 'Windows 10  (10.0.0) 64bit' Language: 'fr' Physical Memory: 8159 MB
BatchMode: 1, IsHumanControllingUs: 0, StartBugReporterOnCrash: 0, Is64bit: 1, IsPro: 0

 COMMAND LINE ARGUMENTS:
D:\master\Platformer\Platformer\2020.2.0b13\Editor\Unity.exe
-adb2
-batchMode
-noUpm
-name
AssetImportWorker143
-projectPath
D:/master2/Walking-Simulator/Walking-Simulator/Walking Sim URP
-logFile
Logs/AssetImportWorker143.log
-srvPort
62712
Successfully changed project path to: D:/master2/Walking-Simulator/Walking-Simulator/Walking Sim URP
D:/master2/Walking-Simulator/Walking-Simulator/Walking Sim URP
Using Asset Import Pipeline V2.
Assertion failed on expression: 'm_ErrorCode == MDB_MAP_RESIZED || !HasAbortingErrors()'

Asset database transaction committed twice!

Assertion failed on expression: 'errors == MDB_SUCCESS || errors == MDB_NOTFOUND'

Assertion failed on expression: 'm_ErrorCode == MDB_MAP_RESIZED || !HasAbortingErrors()'

Asset database transaction committed twice!

Assertion failed on expression: 'errors == MDB_SUCCESS || errors == MDB_NOTFOUND'

Assertion failed on expression: 'm_ErrorCode == MDB_MAP_RESIZED || !HasAbortingErrors()'

Asset database transaction committed twice!

Assertion failed on expression: 'errors == MDB_SUCCESS || errors == MDB_NOTFOUND'

Refreshing native plugins compatible for Editor in 0.12 ms, found 0 plugins.
Preloading 0 native plugins for Editor in 0.00 ms.
Initialize engine version: 2020.2.0b13 (655e1a328b90)
[Subsystems] Discovering subsystems at path D:/master/Platformer/Platformer/2020.2.0b13/Editor/Data/Resources/UnitySubsystems
[Subsystems] Discovering subsystems at path D:/master2/Walking-Simulator/Walking-Simulator/Walking Sim URP/Assets
GfxDevice: creating device client; threaded=0
Direct3D:
    Version:  Direct3D 11.0 [level 11.1]
    Renderer: NVIDIA GeForce GTX 1060 6GB (ID=0x1c03)
    Vendor:   
    VRAM:     6052 MB
    Driver:   27.21.14.5730
Assertion failed on expression: 'm_ErrorCode == MDB_MAP_RESIZED || !HasAbortingErrors()'

Asset database transaction committed twice!

Assertion failed on expression: 'errors == MDB_SUCCESS || errors == MDB_NOTFOUND'

Assertion failed on expression: 'm_ErrorCode == MDB_MAP_RESIZED || !HasAbortingErrors()'

Asset database transaction committed twice!

Assertion failed on expression: 'errors == MDB_SUCCESS || errors == MDB_NOTFOUND'

Assertion failed on expression: 'm_ErrorCode == MDB_MAP_RESIZED || !HasAbortingErrors()'

Asset database transaction committed twice!

Assertion failed on expression: 'errors == MDB_SUCCESS || errors == MDB_NOTFOUND'

Assertion failed on expression: 'm_ErrorCode == MDB_MAP_RESIZED || !HasAbortingErrors()'

Asset database transaction committed twice!

Assertion failed on expression: 'errors == MDB_SUCCESS || errors == MDB_NOTFOUND'

Assertion failed on expression: 'm_ErrorCode == MDB_MAP_RESIZED || !HasAbortingErrors()'

Asset database transaction committed twice!

Assertion failed on expression: 'errors == MDB_SUCCESS || errors == MDB_NOTFOUND'

Assertion failed on expression: 'm_ErrorCode == MDB_MAP_RESIZED || !HasAbortingErrors()'

Asset database transaction committed twice!

Assertion failed on expression: 'errors == MDB_SUCCESS || errors == MDB_NOTFOUND'

Assertion failed on expression: 'm_ErrorCode == MDB_MAP_RESIZED || !HasAbortingErrors()'

Asset database transaction committed twice!

Assertion failed on expression: 'errors == MDB_SUCCESS || errors == MDB_NOTFOUND'

Assertion failed on expression: 'm_ErrorCode == MDB_MAP_RESIZED || !HasAbortingErrors()'

Asset database transaction committed twice!

Assertion failed on expression: 'errors == MDB_SUCCESS || errors == MDB_NOTFOUND'

Assertion failed on expression: 'm_ErrorCode == MDB_MAP_RESIZED || !HasAbortingErrors()'

Asset database transaction committed twice!

Assertion failed on expression: 'errors == MDB_SUCCESS || errors == MDB_NOTFOUND'

Assertion failed on expression: 'm_ErrorCode == MDB_MAP_RESIZED || !HasAbortingErrors()'

Asset database transaction committed twice!

Assertion failed on expression: 'errors == MDB_SUCCESS || errors == MDB_NOTFOUND'

Assertion failed on expression: 'm_ErrorCode == MDB_MAP_RESIZED || !HasAbortingErrors()'

Asset database transaction committed twice!

Assertion failed on expression: 'errors == MDB_SUCCESS || errors == MDB_NOTFOUND'

Assertion failed on expression: 'm_ErrorCode == MDB_MAP_RESIZED || !HasAbortingErrors()'

Asset database transaction committed twice!

Assertion failed on expression: 'errors == MDB_SUCCESS || errors == MDB_NOTFOUND'

Assertion failed on expression: 'm_ErrorCode == MDB_MAP_RESIZED || !HasAbortingErrors()'

Asset database transaction committed twice!

Assertion failed on expression: 'errors == MDB_SUCCESS || errors == MDB_NOTFOUND'

Assertion failed on expression: 'm_ErrorCode == MDB_MAP_RESIZED || !HasAbortingErrors()'

Asset database transaction committed twice!

Assertion failed on expression: 'errors == MDB_SUCCESS || errors == MDB_NOTFOUND'

Assertion failed on expression: 'm_ErrorCode == MDB_MAP_RESIZED || !HasAbortingErrors()'

Asset database transaction committed twice!

Assertion failed on expression: 'errors == MDB_SUCCESS || errors == MDB_NOTFOUND'

Assertion failed on expression: 'm_ErrorCode == MDB_MAP_RESIZED || !HasAbortingErrors()'

Asset database transaction committed twice!

Assertion failed on expression: 'errors == MDB_SUCCESS || errors == MDB_NOTFOUND'

Assertion failed on expression: 'm_ErrorCode == MDB_MAP_RESIZED || !HasAbortingErrors()'

Asset database transaction committed twice!

Assertion failed on expression: 'errors == MDB_SUCCESS || errors == MDB_NOTFOUND'

Assertion failed on expression: 'm_ErrorCode == MDB_MAP_RESIZED || !HasAbortingErrors()'

Asset database transaction committed twice!

Assertion failed on expression: 'errors == MDB_SUCCESS || errors == MDB_NOTFOUND'

Assertion failed on expression: 'm_ErrorCode == MDB_MAP_RESIZED || !HasAbortingErrors()'

Asset database transaction committed twice!

Assertion failed on expression: 'errors == MDB_SUCCESS || errors == MDB_NOTFOUND'

Assertion failed on expression: 'm_ErrorCode == MDB_MAP_RESIZED || !HasAbortingErrors()'

Asset database transaction committed twice!

Assertion failed on expression: 'errors == MDB_SUCCESS || errors == MDB_NOTFOUND'

Assertion failed on expression: 'm_ErrorCode == MDB_MAP_RESIZED || !HasAbortingErrors()'

Asset database transaction committed twice!

Assertion failed on expression: 'errors == MDB_SUCCESS || errors == MDB_NOTFOUND'

Assertion failed on expression: 'm_ErrorCode == MDB_MAP_RESIZED || !HasAbortingErrors()'

Asset database transaction committed twice!

Assertion failed on expression: 'errors == MDB_SUCCESS || errors == MDB_NOTFOUND'

Assertion failed on expression: 'm_ErrorCode == MDB_MAP_RESIZED || !HasAbortingErrors()'

Asset database transaction committed twice!

Assertion failed on expression: 'errors == MDB_SUCCESS || errors == MDB_NOTFOUND'

Assertion failed on expression: 'm_ErrorCode == MDB_MAP_RESIZED || !HasAbortingErrors()'

Asset database transaction committed twice!

Assertion failed on expression: 'errors == MDB_SUCCESS || errors == MDB_NOTFOUND'

Assertion failed on expression: 'm_ErrorCode == MDB_MAP_RESIZED || !HasAbortingErrors()'

Asset database transaction committed twice!

Assertion failed on expression: 'errors == MDB_SUCCESS || errors == MDB_NOTFOUND'

Assertion failed on expression: 'm_ErrorCode == MDB_MAP_RESIZED || !HasAbortingErrors()'

Asset database transaction committed twice!

Assertion failed on expression: 'errors == MDB_SUCCESS || errors == MDB_NOTFOUND'

Assertion failed on expression: 'm_ErrorCode == MDB_MAP_RESIZED || !HasAbortingErrors()'

Asset database transaction committed twice!

Assertion failed on expression: 'errors == MDB_SUCCESS || errors == MDB_NOTFOUND'

Assertion failed on expression: 'm_ErrorCode == MDB_MAP_RESIZED || !HasAbortingErrors()'

Asset database transaction committed twice!

Assertion failed on expression: 'errors == MDB_SUCCESS || errors == MDB_NOTFOUND'

Assertion failed on expression: 'm_ErrorCode == MDB_MAP_RESIZED || !HasAbortingErrors()'

Asset database transaction committed twice!

Assertion failed on expression: 'errors == MDB_SUCCESS || errors == MDB_NOTFOUND'

Assertion failed on expression: 'm_ErrorCode == MDB_MAP_RESIZED || !HasAbortingErrors()'

Asset database transaction committed twice!

Assertion failed on expression: 'errors == MDB_SUCCESS || errors == MDB_NOTFOUND'

Assertion failed on expression: 'm_ErrorCode == MDB_MAP_RESIZED || !HasAbortingErrors()'

Asset database transaction committed twice!

Assertion failed on expression: 'errors == MDB_SUCCESS || errors == MDB_NOTFOUND'

Assertion failed on expression: 'm_ErrorCode == MDB_MAP_RESIZED || !HasAbortingErrors()'

Asset database transaction committed twice!

Assertion failed on expression: 'errors == MDB_SUCCESS || errors == MDB_NOTFOUND'

Assertion failed on expression: 'm_ErrorCode == MDB_MAP_RESIZED || !HasAbortingErrors()'

Asset database transaction committed twice!

Assertion failed on expression: 'errors == MDB_SUCCESS || errors == MDB_NOTFOUND'

Assertion failed on expression: 'm_ErrorCode == MDB_MAP_RESIZED || !HasAbortingErrors()'

Asset database transaction committed twice!

Assertion failed on expression: 'errors == MDB_SUCCESS || errors == MDB_NOTFOUND'

Assertion failed on expression: 'm_ErrorCode == MDB_MAP_RESIZED || !HasAbortingErrors()'

Asset database transaction committed twice!

Assertion failed on expression: 'errors == MDB_SUCCESS || errors == MDB_NOTFOUND'

Assertion failed on expression: 'm_ErrorCode == MDB_MAP_RESIZED || !HasAbortingErrors()'

Asset database transaction committed twice!

Assertion failed on expression: 'errors == MDB_SUCCESS || errors == MDB_NOTFOUND'

Assertion failed on expression: 'm_ErrorCode == MDB_MAP_RESIZED || !HasAbortingErrors()'

Asset database transaction committed twice!

Assertion failed on expression: 'errors == MDB_SUCCESS || errors == MDB_NOTFOUND'

Assertion failed on expression: 'm_ErrorCode == MDB_MAP_RESIZED || !HasAbortingErrors()'

Asset database transaction committed twice!

Assertion failed on expression: 'errors == MDB_SUCCESS || errors == MDB_NOTFOUND'

Assertion failed on expression: 'm_ErrorCode == MDB_MAP_RESIZED || !HasAbortingErrors()'

Asset database transaction committed twice!

Assertion failed on expression: 'errors == MDB_SUCCESS || errors == MDB_NOTFOUND'

Assertion failed on expression: 'm_ErrorCode == MDB_MAP_RESIZED || !HasAbortingErrors()'

Asset database transaction committed twice!

Assertion failed on expression: 'errors == MDB_SUCCESS || errors == MDB_NOTFOUND'

Assertion failed on expression: 'm_ErrorCode == MDB_MAP_RESIZED || !HasAbortingErrors()'

Asset database transaction committed twice!

Assertion failed on expression: 'errors == MDB_SUCCESS || errors == MDB_NOTFOUND'

Assertion failed on expression: 'm_ErrorCode == MDB_MAP_RESIZED || !HasAbortingErrors()'

Asset database transaction committed twice!

Assertion failed on expression: 'errors == MDB_SUCCESS || errors == MDB_NOTFOUND'

Assertion failed on expression: 'm_ErrorCode == MDB_MAP_RESIZED || !HasAbortingErrors()'

Asset database transaction committed twice!

Assertion failed on expression: 'errors == MDB_SUCCESS || errors == MDB_NOTFOUND'

Assertion failed on expression: 'm_ErrorCode == MDB_MAP_RESIZED || !HasAbortingErrors()'

Asset database transaction committed twice!

Assertion failed on expression: 'errors == MDB_SUCCESS || errors == MDB_NOTFOUND'

Assertion failed on expression: 'm_ErrorCode == MDB_MAP_RESIZED || !HasAbortingErrors()'

Asset database transaction committed twice!

Assertion failed on expression: 'errors == MDB_SUCCESS || errors == MDB_NOTFOUND'

Assertion failed on expression: 'm_ErrorCode == MDB_MAP_RESIZED || !HasAbortingErrors()'

Asset database transaction committed twice!

Assertion failed on expression: 'errors == MDB_SUCCESS || errors == MDB_NOTFOUND'

Assertion failed on expression: 'm_ErrorCode == MDB_MAP_RESIZED || !HasAbortingErrors()'

Asset database transaction committed twice!

Assertion failed on expression: 'errors == MDB_SUCCESS || errors == MDB_NOTFOUND'

Assertion failed on expression: 'm_ErrorCode == MDB_MAP_RESIZED || !HasAbortingErrors()'

Asset database transaction committed twice!

Assertion failed on expression: 'errors == MDB_SUCCESS || errors == MDB_NOTFOUND'

Assertion failed on expression: 'm_ErrorCode == MDB_MAP_RESIZED || !HasAbortingErrors()'

Asset database transaction committed twice!

Assertion failed on expression: 'errors == MDB_SUCCESS || errors == MDB_NOTFOUND'

Assertion failed on expression: 'm_ErrorCode == MDB_MAP_RESIZED || !HasAbortingErrors()'

Asset database transaction committed twice!

Assertion failed on expression: 'errors == MDB_SUCCESS || errors == MDB_NOTFOUND'

Assertion failed on expression: 'm_ErrorCode == MDB_MAP_RESIZED || !HasAbortingErrors()'

Asset database transaction committed twice!

Assertion failed on expression: 'errors == MDB_SUCCESS || errors == MDB_NOTFOUND'

Assertion failed on expression: 'm_ErrorCode == MDB_MAP_RESIZED || !HasAbortingErrors()'

Asset database transaction committed twice!

Assertion failed on expression: 'errors == MDB_SUCCESS || errors == MDB_NOTFOUND'

Assertion failed on expression: 'm_ErrorCode == MDB_MAP_RESIZED || !HasAbortingErrors()'

Asset database transaction committed twice!

Assertion failed on expression: 'errors == MDB_SUCCESS || errors == MDB_NOTFOUND'

Assertion failed on expression: 'm_ErrorCode == MDB_MAP_RESIZED || !HasAbortingErrors()'

Asset database transaction committed twice!

Assertion failed on expression: 'errors == MDB_SUCCESS || errors == MDB_NOTFOUND'

Assertion failed on expression: 'm_ErrorCode == MDB_MAP_RESIZED || !HasAbortingErrors()'

Asset database transaction committed twice!

Assertion failed on expression: 'errors == MDB_SUCCESS || errors == MDB_NOTFOUND'

Assertion failed on expression: 'm_ErrorCode == MDB_MAP_RESIZED || !HasAbortingErrors()'

Asset database transaction committed twice!

Assertion failed on expression: 'errors == MDB_SUCCESS || errors == MDB_NOTFOUND'

Assertion failed on expression: 'm_ErrorCode == MDB_MAP_RESIZED || !HasAbortingErrors()'

Asset database transaction committed twice!

Assertion failed on expression: 'errors == MDB_SUCCESS || errors == MDB_NOTFOUND'

Assertion failed on expression: 'm_ErrorCode == MDB_MAP_RESIZED || !HasAbortingErrors()'

Asset database transaction committed twice!

Assertion failed on expression: 'errors == MDB_SUCCESS || errors == MDB_NOTFOUND'

Assertion failed on expression: 'm_ErrorCode == MDB_MAP_RESIZED || !HasAbortingErrors()'

Asset database transaction committed twice!

Assertion failed on expression: 'errors == MDB_SUCCESS || errors == MDB_NOTFOUND'

Assertion failed on expression: 'm_ErrorCode == MDB_MAP_RESIZED || !HasAbortingErrors()'

Asset database transaction committed twice!

Assertion failed on expression: 'errors == MDB_SUCCESS || errors == MDB_NOTFOUND'

Assertion failed on expression: 'm_ErrorCode == MDB_MAP_RESIZED || !HasAbortingErrors()'

Asset database transaction committed twice!

Assertion failed on expression: 'errors == MDB_SUCCESS || errors == MDB_NOTFOUND'

Assertion failed on expression: 'm_ErrorCode == MDB_MAP_RESIZED || !HasAbortingErrors()'

Asset database transaction committed twice!

Assertion failed on expression: 'errors == MDB_SUCCESS || errors == MDB_NOTFOUND'

Assertion failed on expression: 'm_ErrorCode == MDB_MAP_RESIZED || !HasAbortingErrors()'

Asset database transaction committed twice!

Assertion failed on expression: 'errors == MDB_SUCCESS || errors == MDB_NOTFOUND'

Assertion failed on expression: 'm_ErrorCode == MDB_MAP_RESIZED || !HasAbortingErrors()'

Asset database transaction committed twice!

Assertion failed on expression: 'errors == MDB_SUCCESS || errors == MDB_NOTFOUND'

Assertion failed on expression: 'm_ErrorCode == MDB_MAP_RESIZED || !HasAbortingErrors()'

Asset database transaction committed twice!

Assertion failed on expression: 'errors == MDB_SUCCESS || errors == MDB_NOTFOUND'

Assertion failed on expression: 'm_ErrorCode == MDB_MAP_RESIZED || !HasAbortingErrors()'

Asset database transaction committed twice!

Assertion failed on expression: 'errors == MDB_SUCCESS || errors == MDB_NOTFOUND'

Assertion failed on expression: 'm_ErrorCode == MDB_MAP_RESIZED || !HasAbortingErrors()'

Asset database transaction committed twice!

Assertion failed on expression: 'errors == MDB_SUCCESS || errors == MDB_NOTFOUND'

Assertion failed on expression: 'm_ErrorCode == MDB_MAP_RESIZED || !HasAbortingErrors()'

Asset database transaction committed twice!

Assertion failed on expression: 'errors == MDB_SUCCESS || errors == MDB_NOTFOUND'

Assertion failed on expression: 'm_ErrorCode == MDB_MAP_RESIZED || !HasAbortingErrors()'

Asset database transaction committed twice!

Assertion failed on expression: 'errors == MDB_SUCCESS || errors == MDB_NOTFOUND'

Assertion failed on expression: 'm_ErrorCode == MDB_MAP_RESIZED || !HasAbortingErrors()'

Asset database transaction committed twice!

Assertion failed on expression: 'errors == MDB_SUCCESS || errors == MDB_NOTFOUND'

Assertion failed on expression: 'm_ErrorCode == MDB_MAP_RESIZED || !HasAbortingErrors()'

Asset database transaction committed twice!

Assertion failed on expression: 'errors == MDB_SUCCESS || errors == MDB_NOTFOUND'

Assertion failed on expression: 'm_ErrorCode == MDB_MAP_RESIZED || !HasAbortingErrors()'

Asset database transaction committed twice!

Assertion failed on expression: 'errors == MDB_SUCCESS || errors == MDB_NOTFOUND'

Assertion failed on expression: 'm_ErrorCode == MDB_MAP_RESIZED || !HasAbortingErrors()'

Asset database transaction committed twice!

Assertion failed on expression: 'errors == MDB_SUCCESS || errors == MDB_NOTFOUND'

Assertion failed on expression: 'm_ErrorCode == MDB_MAP_RESIZED || !HasAbortingErrors()'

Asset database transaction committed twice!

Assertion failed on expression: 'errors == MDB_SUCCESS || errors == MDB_NOTFOUND'

Assertion failed on expression: 'm_ErrorCode == MDB_MAP_RESIZED || !HasAbortingErrors()'

Asset database transaction committed twice!

Assertion failed on expression: 'errors == MDB_SUCCESS || errors == MDB_NOTFOUND'

Assertion failed on expression: 'm_ErrorCode == MDB_MAP_RESIZED || !HasAbortingErrors()'

Asset database transaction committed twice!

Assertion failed on expression: 'errors == MDB_SUCCESS || errors == MDB_NOTFOUND'

Assertion failed on expression: 'm_ErrorCode == MDB_MAP_RESIZED || !HasAbortingErrors()'

Asset database transaction committed twice!

Assertion failed on expression: 'errors == MDB_SUCCESS || errors == MDB_NOTFOUND'

Assertion failed on expression: 'm_ErrorCode == MDB_MAP_RESIZED || !HasAbortingErrors()'

Asset database transaction committed twice!

Assertion failed on expression: 'errors == MDB_SUCCESS || errors == MDB_NOTFOUND'

Assertion failed on expression: 'm_ErrorCode == MDB_MAP_RESIZED || !HasAbortingErrors()'

Asset database transaction committed twice!

Assertion failed on expression: 'errors == MDB_SUCCESS || errors == MDB_NOTFOUND'

Assertion failed on expression: 'm_ErrorCode == MDB_MAP_RESIZED || !HasAbortingErrors()'

Asset database transaction committed twice!

Assertion failed on expression: 'errors == MDB_SUCCESS || errors == MDB_NOTFOUND'

Assertion failed on expression: 'm_ErrorCode == MDB_MAP_RESIZED || !HasAbortingErrors()'

Asset database transaction committed twice!

Assertion failed on expression: 'errors == MDB_SUCCESS || errors == MDB_NOTFOUND'

Assertion failed on expression: 'm_ErrorCode == MDB_MAP_RESIZED || !HasAbortingErrors()'

Asset database transaction committed twice!

Assertion failed on expression: 'errors == MDB_SUCCESS || errors == MDB_NOTFOUND'

Assertion failed on expression: 'm_ErrorCode == MDB_MAP_RESIZED || !HasAbortingErrors()'

Asset database transaction committed twice!

Assertion failed on expression: 'errors == MDB_SUCCESS || errors == MDB_NOTFOUND'

Assertion failed on expression: 'm_ErrorCode == MDB_MAP_RESIZED || !HasAbortingErrors()'

Asset database transaction committed twice!

Assertion failed on expression: 'errors == MDB_SUCCESS || errors == MDB_NOTFOUND'

Assertion failed on expression: 'm_ErrorCode == MDB_MAP_RESIZED || !HasAbortingErrors()'

Asset database transaction committed twice!

Assertion failed on expression: 'errors == MDB_SUCCESS || errors == MDB_NOTFOUND'

Assertion failed on expression: 'm_ErrorCode == MDB_MAP_RESIZED || !HasAbortingErrors()'

Asset database transaction committed twice!

Assertion failed on expression: 'errors == MDB_SUCCESS || errors == MDB_NOTFOUND'

Assertion failed on expression: 'm_ErrorCode == MDB_MAP_RESIZED || !HasAbortingErrors()'

Asset database transaction committed twice!

Assertion failed on expression: 'errors == MDB_SUCCESS || errors == MDB_NOTFOUND'

Assertion failed on expression: 'm_ErrorCode == MDB_MAP_RESIZED || !HasAbortingErrors()'

Asset database transaction committed twice!

Assertion failed on expression: 'errors == MDB_SUCCESS || errors == MDB_NOTFOUND'

Assertion failed on expression: 'm_ErrorCode == MDB_MAP_RESIZED || !HasAbortingErrors()'

Asset database transaction committed twice!

Assertion failed on expression: 'errors == MDB_SUCCESS || errors == MDB_NOTFOUND'

Assertion failed on expression: 'm_ErrorCode == MDB_MAP_RESIZED || !HasAbortingErrors()'

Asset database transaction committed twice!

Assertion failed on expression: 'errors == MDB_SUCCESS || errors == MDB_NOTFOUND'

Assertion failed on expression: 'm_ErrorCode == MDB_MAP_RESIZED || !HasAbortingErrors()'

Asset database transaction committed twice!

Assertion failed on expression: 'errors == MDB_SUCCESS || errors == MDB_NOTFOUND'

Assertion failed on expression: 'm_ErrorCode == MDB_MAP_RESIZED || !HasAbortingErrors()'

Asset database transaction committed twice!

Assertion failed on expression: 'errors == MDB_SUCCESS || errors == MDB_NOTFOUND'

Assertion failed on expression: 'm_ErrorCode == MDB_MAP_RESIZED || !HasAbortingErrors()'

Asset database transaction committed twice!

Assertion failed on expression: 'errors == MDB_SUCCESS || errors == MDB_NOTFOUND'

Assertion failed on expression: 'm_ErrorCode == MDB_MAP_RESIZED || !HasAbortingErrors()'

Asset database transaction committed twice!

Assertion failed on expression: 'errors == MDB_SUCCESS || errors == MDB_NOTFOUND'

Assertion failed on expression: 'm_ErrorCode == MDB_MAP_RESIZED || !HasAbortingErrors()'

Asset database transaction committed twice!

Assertion failed on expression: 'errors == MDB_SUCCESS || errors == MDB_NOTFOUND'

Assertion failed on expression: 'm_ErrorCode == MDB_MAP_RESIZED || !HasAbortingErrors()'

Asset database transaction committed twice!

Assertion failed on expression: 'errors == MDB_SUCCESS || errors == MDB_NOTFOUND'

Assertion failed on expression: 'm_ErrorCode == MDB_MAP_RESIZED || !HasAbortingErrors()'

Asset database transaction committed twice!

Assertion failed on expression: 'errors == MDB_SUCCESS || errors == MDB_NOTFOUND'

Assertion failed on expression: 'm_ErrorCode == MDB_MAP_RESIZED || !HasAbortingErrors()'

Asset database transaction committed twice!

Assertion failed on expression: 'errors == MDB_SUCCESS || errors == MDB_NOTFOUND'

Assertion failed on expression: 'm_ErrorCode == MDB_MAP_RESIZED || !HasAbortingErrors()'

Asset database transaction committed twice!

Assertion failed on expression: 'errors == MDB_SUCCESS || errors == MDB_NOTFOUND'

Assertion failed on expression: 'm_ErrorCode == MDB_MAP_RESIZED || !HasAbortingErrors()'

Asset database transaction committed twice!

Assertion failed on expression: 'errors == MDB_SUCCESS || errors == MDB_NOTFOUND'

Assertion failed on expression: 'm_ErrorCode == MDB_MAP_RESIZED || !HasAbortingErrors()'

Asset database transaction committed twice!

Assertion failed on expression: 'errors == MDB_SUCCESS || errors == MDB_NOTFOUND'

Assertion failed on expression: 'm_ErrorCode == MDB_MAP_RESIZED || !HasAbortingErrors()'

Asset database transaction committed twice!

Assertion failed on expression: 'errors == MDB_SUCCESS || errors == MDB_NOTFOUND'

Assertion failed on expression: 'm_ErrorCode == MDB_MAP_RESIZED || !HasAbortingErrors()'

Asset database transaction committed twice!

Assertion failed on expression: 'errors == MDB_SUCCESS || errors == MDB_NOTFOUND'

Assertion failed on expression: 'm_ErrorCode == MDB_MAP_RESIZED || !HasAbortingErrors()'

Asset database transaction committed twice!

Assertion failed on expression: 'errors == MDB_SUCCESS || errors == MDB_NOTFOUND'

Assertion failed on expression: 'm_ErrorCode == MDB_MAP_RESIZED || !HasAbortingErrors()'

Asset database transaction committed twice!

Assertion failed on expression: 'errors == MDB_SUCCESS || errors == MDB_NOTFOUND'

Assertion failed on expression: 'm_ErrorCode == MDB_MAP_RESIZED || !HasAbortingErrors()'

Asset database transaction committed twice!

Assertion failed on expression: 'errors == MDB_SUCCESS || errors == MDB_NOTFOUND'

Assertion failed on expression: 'm_ErrorCode == MDB_MAP_RESIZED || !HasAbortingErrors()'

Asset database transaction committed twice!

Assertion failed on expression: 'errors == MDB_SUCCESS || errors == MDB_NOTFOUND'

Assertion failed on expression: 'm_ErrorCode == MDB_MAP_RESIZED || !HasAbortingErrors()'

Asset database transaction committed twice!

Assertion failed on expression: 'errors == MDB_SUCCESS || errors == MDB_NOTFOUND'

Assertion failed on expression: 'm_ErrorCode == MDB_MAP_RESIZED || !HasAbortingErrors()'

Asset database transaction committed twice!

Assertion failed on expression: 'errors == MDB_SUCCESS || errors == MDB_NOTFOUND'

Assertion failed on expression: 'm_ErrorCode == MDB_MAP_RESIZED || !HasAbortingErrors()'

Asset database transaction committed twice!

Assertion failed on expression: 'errors == MDB_SUCCESS || errors == MDB_NOTFOUND'

Assertion failed on expression: 'm_ErrorCode == MDB_MAP_RESIZED || !HasAbortingErrors()'

Asset database transaction committed twice!

Assertion failed on expression: 'errors == MDB_SUCCESS || errors == MDB_NOTFOUND'

Assertion failed on expression: 'm_ErrorCode == MDB_MAP_RESIZED || !HasAbortingErrors()'

Asset database transaction committed twice!

Assertion failed on expression: 'errors == MDB_SUCCESS || errors == MDB_NOTFOUND'

Assertion failed on expression: 'm_ErrorCode == MDB_MAP_RESIZED || !HasAbortingErrors()'

Asset database transaction committed twice!

Assertion failed on expression: 'errors == MDB_SUCCESS || errors == MDB_NOTFOUND'

Assertion failed on expression: 'm_ErrorCode == MDB_MAP_RESIZED || !HasAbortingErrors()'

Asset database transaction committed twice!

Assertion failed on expression: 'errors == MDB_SUCCESS || errors == MDB_NOTFOUND'

Assertion failed on expression: 'm_ErrorCode == MDB_MAP_RESIZED || !HasAbortingErrors()'

Asset database transaction committed twice!

Assertion failed on expression: 'errors == MDB_SUCCESS || errors == MDB_NOTFOUND'

Assertion failed on expression: 'm_ErrorCode == MDB_MAP_RESIZED || !HasAbortingErrors()'

Asset database transaction committed twice!

Assertion failed on expression: 'errors == MDB_SUCCESS || errors == MDB_NOTFOUND'

Assertion failed on expression: 'm_ErrorCode == MDB_MAP_RESIZED || !HasAbortingErrors()'

Asset database transaction committed twice!

Assertion failed on expression: 'errors == MDB_SUCCESS || errors == MDB_NOTFOUND'

Assertion failed on expression: 'm_ErrorCode == MDB_MAP_RESIZED || !HasAbortingErrors()'

Asset database transaction committed twice!

Assertion failed on expression: 'errors == MDB_SUCCESS || errors == MDB_NOTFOUND'

Assertion failed on expression: 'm_ErrorCode == MDB_MAP_RESIZED || !HasAbortingErrors()'

Asset database transaction committed twice!

Assertion failed on expression: 'errors == MDB_SUCCESS || errors == MDB_NOTFOUND'

Assertion failed on expression: 'm_ErrorCode == MDB_MAP_RESIZED || !HasAbortingErrors()'

Asset database transaction committed twice!

Assertion failed on expression: 'errors == MDB_SUCCESS || errors == MDB_NOTFOUND'

Assertion failed on expression: 'm_ErrorCode == MDB_MAP_RESIZED || !HasAbortingErrors()'

Asset database transaction committed twice!

Assertion failed on expression: 'errors == MDB_SUCCESS || errors == MDB_NOTFOUND'

Assertion failed on expression: 'm_ErrorCode == MDB_MAP_RESIZED || !HasAbortingErrors()'

Asset database transaction committed twice!

Assertion failed on expression: 'errors == MDB_SUCCESS || errors == MDB_NOTFOUND'

Assertion failed on expression: 'm_ErrorCode == MDB_MAP_RESIZED || !HasAbortingErrors()'

Asset database transaction committed twice!

Assertion failed on expression: 'errors == MDB_SUCCESS || errors == MDB_NOTFOUND'

Assertion failed on expression: 'm_ErrorCode == MDB_MAP_RESIZED || !HasAbortingErrors()'

Asset database transaction committed twice!

Assertion failed on expression: 'errors == MDB_SUCCESS || errors == MDB_NOTFOUND'

Assertion failed on expression: 'm_ErrorCode == MDB_MAP_RESIZED || !HasAbortingErrors()'

Asset database transaction committed twice!

Assertion failed on expression: 'errors == MDB_SUCCESS || errors == MDB_NOTFOUND'

Assertion failed on expression: 'm_ErrorCode == MDB_MAP_RESIZED || !HasAbortingErrors()'

Asset database transaction committed twice!

Assertion failed on expression: 'errors == MDB_SUCCESS || errors == MDB_NOTFOUND'

Assertion failed on expression: 'm_ErrorCode == MDB_MAP_RESIZED || !HasAbortingErrors()'

Asset database transaction committed twice!

Assertion failed on expression: 'errors == MDB_SUCCESS || errors == MDB_NOTFOUND'

Assertion failed on expression: 'm_ErrorCode == MDB_MAP_RESIZED || !HasAbortingErrors()'

Asset database transaction committed twice!

Assertion failed on expression: 'errors == MDB_SUCCESS || errors == MDB_NOTFOUND'

Initialize mono
Mono path[0] = 'D:/master/Platformer/Platformer/2020.2.0b13/Editor/Data/Managed'
Mono path[1] = 'D:/master/Platformer/Platformer/2020.2.0b13/Editor/Data/MonoBleedingEdge/lib/mono/unityjit'
Mono config path = 'D:/master/Platformer/Platformer/2020.2.0b13/Editor/Data/MonoBleedingEdge/etc'
Using monoOptions --debugger-agent=transport=dt_socket,embedding=1,server=y,suspend=n,address=127.0.0.1:56828
Assertion failed on expression: 'm_ErrorCode == MDB_MAP_RESIZED || !HasAbortingErrors()'

Asset database transaction committed twice!

Assertion failed on expression: 'errors == MDB_SUCCESS || errors == MDB_NOTFOUND'

Assertion failed on expression: 'm_ErrorCode == MDB_MAP_RESIZED || !HasAbortingErrors()'

Asset database transaction committed twice!

Assertion failed on expression: 'errors == MDB_SUCCESS || errors == MDB_NOTFOUND'

Assertion failed on expression: 'm_ErrorCode == MDB_MAP_RESIZED || !HasAbortingErrors()'

Asset database transaction committed twice!

Assertion failed on expression: 'errors == MDB_SUCCESS || errors == MDB_NOTFOUND'

Assertion failed on expression: 'm_ErrorCode == MDB_MAP_RESIZED || !HasAbortingErrors()'

Asset database transaction committed twice!

Assertion failed on expression: 'errors == MDB_SUCCESS || errors == MDB_NOTFOUND'

Assertion failed on expression: 'm_ErrorCode == MDB_MAP_RESIZED || !HasAbortingErrors()'

Asset database transaction committed twice!

Assertion failed on expression: 'errors == MDB_SUCCESS || errors == MDB_NOTFOUND'

Assertion failed on expression: 'm_ErrorCode == MDB_MAP_RESIZED || !HasAbortingErrors()'

Asset database transaction committed twice!

Assertion failed on expression: 'errors == MDB_SUCCESS || errors == MDB_NOTFOUND'

Begin MonoManager ReloadAssembly
